# JRE version: OpenJDK Runtime Environment (8.0_91-b14) (build 1.8.0_91-8u91-b14-3ubuntu1~16.04.1-b14)
# Java VM: OpenJDK 64-Bit Server VM (25.91-b14 mixed mode linux-amd64 compressed oops)
Heap:
 PSYoungGen      total 132096K, used 5094K [0x00000000d6e00000, 0x00000000df400000, 0x0000000100000000)
  eden space 126976K, 0% used [0x00000000d6e00000,0x00000000d6e00000,0x00000000dea00000)
  from space 5120K, 99% used [0x00000000dea00000,0x00000000deef9a10,0x00000000def00000)
  to   space 5120K, 0% used [0x00000000def00000,0x00000000def00000,0x00000000df400000)
 ParOldGen       total 84992K, used 9390K [0x0000000084a00000, 0x0000000089d00000, 0x00000000d6e00000)
  object space 84992K, 11% used [0x0000000084a00000,0x000000008532bb18,0x0000000089d00000)
 Metaspace       used 20870K, capacity 21182K, committed 21296K, reserved 1069056K
  class space    used 2464K, capacity 2574K, committed 2608K, reserved 1048576K
GC Heap History (9 events):
Event: 1,072 GC heap before
{Heap before GC invocations=1 (full 0):
 PSYoungGen      total 36864K, used 31744K [0x00000000d6e00000, 0x00000000d9700000, 0x0000000100000000)
  eden space 31744K, 100% used [0x00000000d6e00000,0x00000000d8d00000,0x00000000d8d00000)
  from space 5120K, 0% used [0x00000000d9200000,0x00000000d9200000,0x00000000d9700000)
  to   space 5120K, 0% used [0x00000000d8d00000,0x00000000d8d00000,0x00000000d9200000)
 ParOldGen       total 84992K, used 0K [0x0000000084a00000, 0x0000000089d00000, 0x00000000d6e00000)
  object space 84992K, 0% used [0x0000000084a00000,0x0000000084a00000,0x0000000089d00000)
 Metaspace       used 9487K, capacity 9638K, committed 9856K, reserved 1058816K
  class space    used 1093K, capacity 1119K, committed 1152K, reserved 1048576K
Event: 1,086 GC heap after
Heap after GC invocations=1 (full 0):
 PSYoungGen      total 36864K, used 3969K [0x00000000d6e00000, 0x00000000db600000, 0x0000000100000000)
  eden space 31744K, 0% used [0x00000000d6e00000,0x00000000d6e00000,0x00000000d8d00000)
  from space 5120K, 77% used [0x00000000d8d00000,0x00000000d90e05d0,0x00000000d9200000)
  to   space 5120K, 0% used [0x00000000db100000,0x00000000db100000,0x00000000db600000)
 ParOldGen       total 84992K, used 8K [0x0000000084a00000, 0x0000000089d00000, 0x00000000d6e00000)
  object space 84992K, 0% used [0x0000000084a00000,0x0000000084a02000,0x0000000089d00000)
 Metaspace       used 9487K, capacity 9638K, committed 9856K, reserved 1058816K
  class space    used 1093K, capacity 1119K, committed 1152K, reserved 1048576K
}
Event: 1,124 GC heap before
{Heap before GC invocations=2 (full 0):
 PSYoungGen      total 36864K, used 35696K [0x00000000d6e00000, 0x00000000db600000, 0x0000000100000000)
  eden space 31744K, 99% used [0x00000000d6e00000,0x00000000d8cfbd78,0x00000000d8d00000)
  from space 5120K, 77% used [0x00000000d8d00000,0x00000000d90e05d0,0x00000000d9200000)
  to   space 5120K, 0% used [0x00000000db100000,0x00000000db100000,0x00000000db600000)
 ParOldGen       total 84992K, used 8K [0x0000000084a00000, 0x0000000089d00000, 0x00000000d6e00000)
  object space 84992K, 0% used [0x0000000084a00000,0x0000000084a02000,0x0000000089d00000)
 Metaspace       used 9500K, capacity 9638K, committed 9856K, reserved 1058816K
  class space    used 1093K, capacity 1119K, committed 1152K, reserved 1048576K
Event: 1,130 GC heap after
Heap after GC invocations=2 (full 0):
 PSYoungGen      total 68608K, used 2932K [0x00000000d6e00000, 0x00000000db600000, 0x0000000100000000)
  eden space 63488K, 0% used [0x00000000d6e00000,0x00000000d6e00000,0x00000000dac00000)
  from space 5120K, 57% used [0x00000000db100000,0x00000000db3dd310,0x00000000db600000)
  to   space 5120K, 0% used [0x00000000dac00000,0x00000000dac00000,0x00000000db100000)
 ParOldGen       total 84992K, used 16K [0x0000000084a00000, 0x0000000089d00000, 0x00000000d6e00000)
  object space 84992K, 0% used [0x0000000084a00000,0x0000000084a04000,0x0000000089d00000)
 Metaspace       used 9500K, capacity 9638K, committed 9856K, reserved 1058816K
  class space    used 1093K, capacity 1119K, committed 1152K, reserved 1048576K
}
Event: 1,721 GC heap before
{Heap before GC invocations=3 (full 0):
 PSYoungGen      total 68608K, used 66420K [0x00000000d6e00000, 0x00000000db600000, 0x0000000100000000)
  eden space 63488K, 100% used [0x00000000d6e00000,0x00000000dac00000,0x00000000dac00000)
  from space 5120K, 57% used [0x00000000db100000,0x00000000db3dd310,0x00000000db600000)
  to   space 5120K, 0% used [0x00000000dac00000,0x00000000dac00000,0x00000000db100000)
 ParOldGen       total 84992K, used 16K [0x0000000084a00000, 0x0000000089d00000, 0x00000000d6e00000)
  object space 84992K, 0% used [0x0000000084a00000,0x0000000084a04000,0x0000000089d00000)
 Metaspace       used 13357K, capacity 13548K, committed 13696K, reserved 1060864K
  class space    used 1532K, capacity 1569K, committed 1664K, reserved 1048576K
Event: 1,732 GC heap after
Heap after GC invocations=3 (full 0):
 PSYoungGen      total 68608K, used 5091K [0x00000000d6e00000, 0x00000000df400000, 0x0000000100000000)
  eden space 63488K, 0% used [0x00000000d6e00000,0x00000000d6e00000,0x00000000dac00000)
  from space 5120K, 99% used [0x00000000dac00000,0x00000000db0f8e48,0x00000000db100000)
  to   space 5120K, 0% used [0x00000000def00000,0x00000000def00000,0x00000000df400000)
 ParOldGen       total 84992K, used 1605K [0x0000000084a00000, 0x0000000089d00000, 0x00000000d6e00000)
  object space 84992K, 1% used [0x0000000084a00000,0x0000000084b917d8,0x0000000089d00000)
 Metaspace       used 13357K, capacity 13548K, committed 13696K, reserved 1060864K
  class space    used 1532K, capacity 1569K, committed 1664K, reserved 1048576K
}
Event: 2,521 GC heap before
{Heap before GC invocations=4 (full 0):
 PSYoungGen      total 68608K, used 68579K [0x00000000d6e00000, 0x00000000df400000, 0x0000000100000000)
  eden space 63488K, 100% used [0x00000000d6e00000,0x00000000dac00000,0x00000000dac00000)
  from space 5120K, 99% used [0x00000000dac00000,0x00000000db0f8e48,0x00000000db100000)
  to   space 5120K, 0% used [0x00000000def00000,0x00000000def00000,0x00000000df400000)
 ParOldGen       total 84992K, used 1605K [0x0000000084a00000, 0x0000000089d00000, 0x00000000d6e00000)
  object space 84992K, 1% used [0x0000000084a00000,0x0000000084b917d8,0x0000000089d00000)
 Metaspace       used 19049K, capacity 19292K, committed 19584K, reserved 1067008K
  class space    used 2263K, capacity 2329K, committed 2432K, reserved 1048576K
Event: 2,539 GC heap after
Heap after GC invocations=4 (full 0):
 PSYoungGen      total 132096K, used 5096K [0x00000000d6e00000, 0x00000000df400000, 0x0000000100000000)
  eden space 126976K, 0% used [0x00000000d6e00000,0x00000000d6e00000,0x00000000dea00000)
  from space 5120K, 99% used [0x00000000def00000,0x00000000df3fa2f0,0x00000000df400000)
  to   space 5120K, 0% used [0x00000000dea00000,0x00000000dea00000,0x00000000def00000)
 ParOldGen       total 84992K, used 7991K [0x0000000084a00000, 0x0000000089d00000, 0x00000000d6e00000)
  object space 84992K, 9% used [0x0000000084a00000,0x00000000851cdd28,0x0000000089d00000)
 Metaspace       used 19049K, capacity 19292K, committed 19584K, reserved 1067008K
  class space    used 2263K, capacity 2329K, committed 2432K, reserved 1048576K
}
Event: 3,138 GC heap before
{Heap before GC invocations=5 (full 0):
 PSYoungGen      total 132096K, used 37641K [0x00000000d6e00000, 0x00000000df400000, 0x0000000100000000)
  eden space 126976K, 25% used [0x00000000d6e00000,0x00000000d8dc8448,0x00000000dea00000)
  from space 5120K, 99% used [0x00000000def00000,0x00000000df3fa2f0,0x00000000df400000)
  to   space 5120K, 0% used [0x00000000dea00000,0x00000000dea00000,0x00000000def00000)
 ParOldGen       total 84992K, used 7991K [0x0000000084a00000, 0x0000000089d00000, 0x00000000d6e00000)
  object space 84992K, 9% used [0x0000000084a00000,0x00000000851cdd28,0x0000000089d00000)
 Metaspace       used 20870K, capacity 21182K, committed 21296K, reserved 1069056K
  class space    used 2464K, capacity 2574K, committed 2608K, reserved 1048576K

