# JRE version: OpenJDK Runtime Environment (8.0_91-b14) (build 1.8.0_91-8u91-b14-3ubuntu1~16.04.1-b14)
# Java VM: OpenJDK 64-Bit Server VM (25.91-b14 mixed mode linux-amd64 compressed oops)
Heap:
 PSYoungGen      total 137216K, used 3083K [0x00000000d6e00000, 0x00000000dfe00000, 0x0000000100000000)
  eden space 126976K, 0% used [0x00000000d6e00000,0x00000000d6e00000,0x00000000dea00000)
  from space 10240K, 30% used [0x00000000dea00000,0x00000000ded02c78,0x00000000df400000)
  to   space 10240K, 0% used [0x00000000df400000,0x00000000df400000,0x00000000dfe00000)
 ParOldGen       total 57344K, used 9651K [0x0000000084a00000, 0x0000000088200000, 0x00000000d6e00000)
  object space 57344K, 16% used [0x0000000084a00000,0x000000008536cf48,0x0000000088200000)
 Metaspace       used 21726K, capacity 22166K, committed 22448K, reserved 1069056K
  class space    used 2573K, capacity 2709K, committed 2736K, reserved 1048576K
GC Heap History (10 events):
Event: 3,123 GC heap after
Heap after GC invocations=3 (full 0):
 PSYoungGen      total 36864K, used 4064K [0x00000000d6e00000, 0x00000000db600000, 0x0000000100000000)
  eden space 31744K, 0% used [0x00000000d6e00000,0x00000000d6e00000,0x00000000d8d00000)
  from space 5120K, 79% used [0x00000000d8d00000,0x00000000d90f8098,0x00000000d9200000)
  to   space 5120K, 0% used [0x00000000db100000,0x00000000db100000,0x00000000db600000)
 ParOldGen       total 84992K, used 24K [0x0000000084a00000, 0x0000000089d00000, 0x00000000d6e00000)
  object space 84992K, 0% used [0x0000000084a00000,0x0000000084a06000,0x0000000089d00000)
 Metaspace       used 10831K, capacity 10988K, committed 11264K, reserved 1058816K
  class space    used 1221K, capacity 1249K, committed 1280K, reserved 1048576K
}
Event: 3,473 GC heap before
{Heap before GC invocations=4 (full 0):
 PSYoungGen      total 36864K, used 35808K [0x00000000d6e00000, 0x00000000db600000, 0x0000000100000000)
  eden space 31744K, 100% used [0x00000000d6e00000,0x00000000d8d00000,0x00000000d8d00000)
  from space 5120K, 79% used [0x00000000d8d00000,0x00000000d90f8098,0x00000000d9200000)
  to   space 5120K, 0% used [0x00000000db100000,0x00000000db100000,0x00000000db600000)
 ParOldGen       total 84992K, used 24K [0x0000000084a00000, 0x0000000089d00000, 0x00000000d6e00000)
  object space 84992K, 0% used [0x0000000084a00000,0x0000000084a06000,0x0000000089d00000)
 Metaspace       used 13420K, capacity 13612K, committed 13952K, reserved 1060864K
  class space    used 1543K, capacity 1569K, committed 1664K, reserved 1048576K
Event: 3,479 GC heap after
Heap after GC invocations=4 (full 0):
 PSYoungGen      total 68608K, used 4994K [0x00000000d6e00000, 0x00000000db600000, 0x0000000100000000)
  eden space 63488K, 0% used [0x00000000d6e00000,0x00000000d6e00000,0x00000000dac00000)
  from space 5120K, 97% used [0x00000000db100000,0x00000000db5e0a00,0x00000000db600000)
  to   space 5120K, 0% used [0x00000000dac00000,0x00000000dac00000,0x00000000db100000)
 ParOldGen       total 84992K, used 32K [0x0000000084a00000, 0x0000000089d00000, 0x00000000d6e00000)
  object space 84992K, 0% used [0x0000000084a00000,0x0000000084a08000,0x0000000089d00000)
 Metaspace       used 13420K, capacity 13612K, committed 13952K, reserved 1060864K
  class space    used 1543K, capacity 1569K, committed 1664K, reserved 1048576K
}
Event: 4,411 GC heap before
{Heap before GC invocations=5 (full 0):
 PSYoungGen      total 68608K, used 68482K [0x00000000d6e00000, 0x00000000db600000, 0x0000000100000000)
  eden space 63488K, 100% used [0x00000000d6e00000,0x00000000dac00000,0x00000000dac00000)
  from space 5120K, 97% used [0x00000000db100000,0x00000000db5e0a00,0x00000000db600000)
  to   space 5120K, 0% used [0x00000000dac00000,0x00000000dac00000,0x00000000db100000)
 ParOldGen       total 84992K, used 32K [0x0000000084a00000, 0x0000000089d00000, 0x00000000d6e00000)
  object space 84992K, 0% used [0x0000000084a00000,0x0000000084a08000,0x0000000089d00000)
 Metaspace       used 19197K, capacity 19414K, committed 19584K, reserved 1067008K
  class space    used 2280K, capacity 2328K, committed 2432K, reserved 1048576K
Event: 4,431 GC heap after
Heap after GC invocations=5 (full 0):
 PSYoungGen      total 68608K, used 5117K [0x00000000d6e00000, 0x00000000dfe00000, 0x0000000100000000)
  eden space 63488K, 0% used [0x00000000d6e00000,0x00000000d6e00000,0x00000000dac00000)
  from space 5120K, 99% used [0x00000000dac00000,0x00000000db0ff688,0x00000000db100000)
  to   space 10240K, 0% used [0x00000000df400000,0x00000000df400000,0x00000000dfe00000)
 ParOldGen       total 84992K, used 6252K [0x0000000084a00000, 0x0000000089d00000, 0x00000000d6e00000)
  object space 84992K, 7% used [0x0000000084a00000,0x000000008501b230,0x0000000089d00000)
 Metaspace       used 19197K, capacity 19414K, committed 19584K, reserved 1067008K
  class space    used 2280K, capacity 2328K, committed 2432K, reserved 1048576K
}
Event: 4,830 GC heap before
{Heap before GC invocations=6 (full 0):
 PSYoungGen      total 68608K, used 36408K [0x00000000d6e00000, 0x00000000dfe00000, 0x0000000100000000)
  eden space 63488K, 49% used [0x00000000d6e00000,0x00000000d8c8ea98,0x00000000dac00000)
  from space 5120K, 99% used [0x00000000dac00000,0x00000000db0ff688,0x00000000db100000)
  to   space 10240K, 0% used [0x00000000df400000,0x00000000df400000,0x00000000dfe00000)
 ParOldGen       total 84992K, used 6252K [0x0000000084a00000, 0x0000000089d00000, 0x00000000d6e00000)
  object space 84992K, 7% used [0x0000000084a00000,0x000000008501b230,0x0000000089d00000)
 Metaspace       used 20877K, capacity 21182K, committed 21296K, reserved 1069056K
  class space    used 2465K, capacity 2574K, committed 2608K, reserved 1048576K
Event: 4,845 GC heap after
Heap after GC invocations=6 (full 0):
 PSYoungGen      total 137216K, used 6817K [0x00000000d6e00000, 0x00000000dfe00000, 0x0000000100000000)
  eden space 126976K, 0% used [0x00000000d6e00000,0x00000000d6e00000,0x00000000dea00000)
  from space 10240K, 66% used [0x00000000df400000,0x00000000dfaa86f8,0x00000000dfe00000)
  to   space 10240K, 0% used [0x00000000dea00000,0x00000000dea00000,0x00000000df400000)
 ParOldGen       total 84992K, used 6268K [0x0000000084a00000, 0x0000000089d00000, 0x00000000d6e00000)
  object space 84992K, 7% used [0x0000000084a00000,0x000000008501f230,0x0000000089d00000)
 Metaspace       used 20877K, capacity 21182K, committed 21296K, reserved 1069056K
  class space    used 2465K, capacity 2574K, committed 2608K, reserved 1048576K
}
Event: 4,846 GC heap before
{Heap before GC invocations=7 (full 1):
 PSYoungGen      total 137216K, used 6817K [0x00000000d6e00000, 0x00000000dfe00000, 0x0000000100000000)
  eden space 126976K, 0% used [0x00000000d6e00000,0x00000000d6e00000,0x00000000dea00000)
  from space 10240K, 66% used [0x00000000df400000,0x00000000dfaa86f8,0x00000000dfe00000)
  to   space 10240K, 0% used [0x00000000dea00000,0x00000000dea00000,0x00000000df400000)
 ParOldGen       total 84992K, used 6268K [0x0000000084a00000, 0x0000000089d00000, 0x00000000d6e00000)
  object space 84992K, 7% used [0x0000000084a00000,0x000000008501f230,0x0000000089d00000)
 Metaspace       used 20877K, capacity 21182K, committed 21296K, reserved 1069056K
  class space    used 2465K, capacity 2574K, committed 2608K, reserved 1048576K
Event: 4,934 GC heap after
Heap after GC invocations=7 (full 1):
 PSYoungGen      total 137216K, used 0K [0x00000000d6e00000, 0x00000000dfe00000, 0x0000000100000000)
  eden space 126976K, 0% used [0x00000000d6e00000,0x00000000d6e00000,0x00000000dea00000)
  from space 10240K, 0% used [0x00000000df400000,0x00000000df400000,0x00000000dfe00000)
  to   space 10240K, 0% used [0x00000000dea00000,0x00000000dea00000,0x00000000df400000)
 ParOldGen       total 57344K, used 9651K [0x0000000084a00000, 0x0000000088200000, 0x00000000d6e00000)
  object space 57344K, 16% used [0x0000000084a00000,0x000000008536cf48,0x0000000088200000)
 Metaspace       used 20877K, capacity 21182K, committed 21296K, reserved 1069056K
  class space    used 2465K, capacity 2574K, committed 2608K, reserved 1048576K
}
Event: 16,238 GC heap before
{Heap before GC invocations=8 (full 1):
 PSYoungGen      total 137216K, used 126976K [0x00000000d6e00000, 0x00000000dfe00000, 0x0000000100000000)
  eden space 126976K, 100% used [0x00000000d6e00000,0x00000000dea00000,0x00000000dea00000)
  from space 10240K, 0% used [0x00000000df400000,0x00000000df400000,0x00000000dfe00000)
  to   space 10240K, 0% used [0x00000000dea00000,0x00000000dea00000,0x00000000df400000)
 ParOldGen       total 57344K, used 9651K [0x0000000084a00000, 0x0000000088200000, 0x00000000d6e00000)
  object space 57344K, 16% used [0x0000000084a00000,0x000000008536cf48,0x0000000088200000)
 Metaspace       used 21726K, capacity 22166K, committed 22448K, reserved 1069056K
  class space    used 2573K, capacity 2709K, committed 2736K, reserved 1048576K

